[Mon, 2. Sep 2019 01:23:34 EDT | ID 148647640081367041] Herobrain_gamer: say test
[Fri, 6. Sep 2019 17:39:37 EDT | ID 148647640081367041] Herobrain_gamer: dynmap fullrender "Pixel Craft (S3)_nether"
[Fri, 6. Sep 2019 18:10:14 EDT | ID 148647640081367041] Herobrain_gamer: dynmap fullrender "Pixel Craft (S3)_the_end"
[Sun, 8. Sep 2019 02:21:47 EDT | ID 148647640081367041] Herobrain_gamer: baltop
[Fri, 13. Sep 2019 22:05:46 EDT | ID 148647640081367041] Herobrain_gamer: whitelist list
[Sun, 15. Sep 2019 16:16:31 EDT | ID 148647640081367041] Herobrain_gamer: list
[Mon, 16. Sep 2019 00:20:53 EDT | ID 148647640081367041] Herobrain_gamer: eco set willongnose 0
[Mon, 16. Sep 2019 00:21:45 EDT | ID 148647640081367041] Herobrain_gamer: eco set willongnose 1234567890
[Mon, 16. Sep 2019 00:24:18 EDT | ID 148647640081367041] Herobrain_gamer: eco set willongnose 0
[Tue, 17. Sep 2019 02:18:49 UTC | ID 148647640081367041] Herobrain_gamer: pex reload
[Tue, 17. Sep 2019 05:30:02 UTC | ID 148647640081367041] Herobrain_gamer: acb
[Tue, 17. Sep 2019 05:30:39 UTC | ID 148647640081367041] Herobrain_gamer: acb GamerGabriel 49090
[Wed, 18. Sep 2019 22:41:03 UTC | ID 148647640081367041] Herobrain_gamer: list
[Wed, 2. Oct 2019 00:20:31 UTC | ID 148647640081367041] Herobrain_gamer: say bruh
[Wed, 2. Oct 2019 00:28:03 UTC | ID 148647640081367041] Herobrain_gamer: say Killing Giants again?
[Wed, 2. Oct 2019 00:28:52 UTC | ID 148647640081367041] Herobrain_gamer: say nope try again
[Wed, 2. Oct 2019 00:29:52 UTC | ID 148647640081367041] Herobrain_gamer: say that indeed he does
[Wed, 2. Oct 2019 05:13:48 UTC | ID 148647640081367041] Herobrain_gamer: say Killing, killing, killing, killing, killing, killing butterflies
Killing, killing, killing, killing butterflies
Killing, killing, killing, killing, killing, killing butterflies
We stay up all night
Killing, killing, killing, killing butterflies
Killing, killing, killing, killing butterflies
Killing, killing, killing, killing butterflies
We stay up all night killing butterflies
[Wed, 2. Oct 2019 05:14:41 UTC | ID 148647640081367041] Herobrain_gamer: say All the things we've seen
They just make us scream
Now they're in our dreams
Open up the box
Now it never stops
Full of little shocks

Wings, hearts, some things are meant to be torn apart
Faith, hope, some things are meant to be gone broke
[Wed, 2. Oct 2019 05:15:28 UTC | ID 148647640081367041] Herobrain_gamer: say Fly on back to me
Get your sweet relief
Shiver like a leaf
Once you take a piece
With your big old teeth
You will never sleep, no
[Wed, 2. Oct 2019 05:15:46 UTC | ID 148647640081367041] Herobrain_gamer: say (Killing, killing)
Maybe it's my fault we've been up all night
(Killing, killing) 
Only thing we have is our appetite
(Killing, killing) 
Just a little more just to stabilise
Every, every night killing butterflies
[Wed, 2. Oct 2019 05:15:49 UTC | ID 148647640081367041] Herobrain_gamer: say maybe
[Fri, 4. Oct 2019 03:48:49 UTC | ID 148647640081367041] Herobrain_gamer: say someone look at tab at the tps just because
[Sat, 5. Oct 2019 06:43:43 UTC | ID 148647640081367041] Herobrain_gamer: tempmute xqcL 12h Stop Speaking I'm Tired Of This Shit
[Sat, 5. Oct 2019 08:34:59 UTC | ID 148647640081367041] Herobrain_gamer: kick
[Sat, 5. Oct 2019 08:35:20 UTC | ID 148647640081367041] Herobrain_gamer: kick GeorgeWBush1946 GO TO SLEEP
[Sat, 5. Oct 2019 08:35:52 UTC | ID 148647640081367041] Herobrain_gamer: tempban
[Sat, 5. Oct 2019 08:36:06 UTC | ID 148647640081367041] Herobrain_gamer: tempban GeorgeWBush1946 8h GO TO SLEEP
[Fri, 11. Oct 2019 21:53:19 UTC | ID 148647640081367041] Herobrain_gamer: list
[Sat, 12. Oct 2019 21:59:36 UTC | ID 148647640081367041] Herobrain_gamer: say whoa re all of you
[Sun, 13. Oct 2019 03:20:52 UTC | ID 148647640081367041] Herobrain_gamer: say @ spawn there is a slime ball shop
[Sun, 13. Oct 2019 04:29:48 UTC | ID 148647640081367041] Herobrain_gamer: say if your portals don't sync correctly run "/trigger nc_inOverworld" and it will tell you were the portal must be build in the nether
[Sun, 13. Oct 2019 05:43:35 UTC | ID 148647640081367041] Herobrain_gamer: say Pro-tip : to see when we have planned maintenance/updates join the discord server with "/discord" and follow the link to join.
[Sun, 13. Oct 2019 06:05:34 UTC | ID 148647640081367041] Herobrain_gamer: say total whitelist count has been updated to 56 total people
[Sun, 13. Oct 2019 06:55:28 UTC | ID 148647640081367041] Herobrain_gamer: restart
[Sun, 13. Oct 2019 06:56:34 UTC | ID 148647640081367041] Herobrain_gamer: restart
[Sun, 13. Oct 2019 07:02:10 UTC | ID 148647640081367041] Herobrain_gamer: say an error occurred sorry for any incomitance (good thing we had someone watching this or it would have been down till 4AM)
[Sun, 13. Oct 2019 18:55:44 UTC | ID 148647640081367041] Herobrain_gamer: List
[Sun, 13. Oct 2019 18:56:15 UTC | ID 148647640081367041] Herobrain_gamer: whitelist list
[Sun, 13. Oct 2019 19:33:30 UTC | ID 148647640081367041] Herobrain_gamer: list
[Sun, 13. Oct 2019 21:26:34 UTC | ID 148647640081367041] Herobrain_gamer: say L
[Wed, 16. Oct 2019 03:02:56 UTC | ID 148647640081367041] Herobrain_gamer: gc
[Wed, 16. Oct 2019 03:03:14 UTC | ID 148647640081367041] Herobrain_gamer: tps
[Wed, 16. Oct 2019 05:29:27 UTC | ID 148647640081367041] Herobrain_gamer: say if you people were on the discord you could let us know when the server breaks just as a little reminder
[Thu, 17. Oct 2019 14:32:39 UTC | ID 148647640081367041] Herobrain_gamer: whitelist add _Macspy_
[Thu, 17. Oct 2019 18:03:42 UTC | ID 148647640081367041] Herobrain_gamer: banip
[Thu, 17. Oct 2019 18:03:55 UTC | ID 148647640081367041] Herobrain_gamer: ebanip
[Thu, 17. Oct 2019 18:04:31 UTC | ID 148647640081367041] Herobrain_gamer: ebanip 64.114.239.103 Stay In School Kids
[Thu, 17. Oct 2019 18:04:48 UTC | ID 148647640081367041] Herobrain_gamer: ebanlist
[Thu, 17. Oct 2019 18:05:04 UTC | ID 148647640081367041] Herobrain_gamer: minecraft:banlist
[Fri, 25. Oct 2019 00:19:22 UTC | ID 148647640081367041] Herobrain_gamer: List
[Fri, 25. Oct 2019 00:55:01 UTC | ID 148647640081367041] Herobrain_gamer: say Be GLAD There Is A Gracious God
[Fri, 25. Oct 2019 05:19:57 UTC | ID 148647640081367041] Herobrain_gamer: scoreboard
[Fri, 25. Oct 2019 05:20:06 UTC | ID 148647640081367041] Herobrain_gamer: scoreboard objectives
[Fri, 25. Oct 2019 05:20:26 UTC | ID 148647640081367041] Herobrain_gamer: scoreboard objectives setdisplay sidebar ts_PlayerKills
[Fri, 25. Oct 2019 05:21:01 UTC | ID 148647640081367041] Herobrain_gamer: scoreboard objectives setdisplay sidebar
[Fri, 25. Oct 2019 06:10:38 UTC | ID 148647640081367041] Herobrain_gamer: list
[Fri, 25. Oct 2019 06:23:54 UTC | ID 148647640081367041] Herobrain_gamer: list
[Sat, 26. Oct 2019 00:55:09 UTC | ID 148647640081367041] Herobrain_gamer: list
[Sat, 26. Oct 2019 02:38:31 UTC | ID 148647640081367041] Herobrain_gamer: say Gay Fagos
[Sat, 26. Oct 2019 02:54:49 UTC | ID 148647640081367041] Herobrain_gamer: smite *
[Sat, 26. Oct 2019 02:55:20 UTC | ID 148647640081367041] Herobrain_gamer: smite *
[Sat, 26. Oct 2019 02:56:16 UTC | ID 148647640081367041] Herobrain_gamer: say . . . error server processing has failed
[Sat, 26. Oct 2019 03:08:12 UTC | ID 148647640081367041] Herobrain_gamer: say enchant it. . .
[Sat, 26. Oct 2019 03:09:02 UTC | ID 148647640081367041] Herobrain_gamer: say anvil for vanilla
[Sat, 26. Oct 2019 03:09:27 UTC | ID 148647640081367041] Herobrain_gamer: say vanilla enchants
[Sat, 26. Oct 2019 03:10:10 UTC | ID 148647640081367041] Herobrain_gamer: say you know protection does NOT go on elytra right?
[Sat, 26. Oct 2019 03:27:05 UTC | ID 148647640081367041] Herobrain_gamer: baltop
[Sat, 26. Oct 2019 03:48:40 UTC | ID 148647640081367041] Herobrain_gamer: say Chop Chop Your Death Is Sooner Than You Think
[Sat, 26. Oct 2019 04:29:36 UTC | ID 148647640081367041] Herobrain_gamer: say Hippity Hoppity Your Life Is Now My Property
[Sat, 26. Oct 2019 04:29:55 UTC | ID 148647640081367041] Herobrain_gamer: say we own you now
[Sat, 26. Oct 2019 04:30:51 UTC | ID 148647640081367041] Herobrain_gamer: say yes but no not happening
[Sat, 26. Oct 2019 04:31:52 UTC | ID 148647640081367041] Herobrain_gamer: say not very plausible at this moment
[Sat, 26. Oct 2019 04:32:30 UTC | ID 148647640081367041] Herobrain_gamer: say k
[Sat, 26. Oct 2019 21:08:00 UTC | ID 148647640081367041] Herobrain_gamer: say "im sorry dave i can't do that"
[Sun, 27. Oct 2019 00:14:26 UTC | ID 148647640081367041] Herobrain_gamer: say F
[Sun, 27. Oct 2019 00:18:44 UTC | ID 148647640081367041] Herobrain_gamer: Say Le F
[Sun, 27. Oct 2019 00:21:11 UTC | ID 148647640081367041] Herobrain_gamer: say *F*
[Sun, 27. Oct 2019 00:26:34 UTC | ID 148647640081367041] Herobrain_gamer: say Obvious Thunder Storm Is Obvious
[Sun, 27. Oct 2019 07:25:36 UTC | ID 148647640081367041] Herobrain_gamer: gc
[Mon, 28. Oct 2019 16:05:14 UTC | ID 148647640081367041] Herobrain_gamer: Baltop
[Thu, 31. Oct 2019 02:58:26 UTC | ID 148647640081367041] Herobrain_gamer: say NO Fuck OFF
[Thu, 31. Oct 2019 02:58:39 UTC | ID 148647640081367041] Herobrain_gamer: say Alex
[Thu, 31. Oct 2019 02:59:37 UTC | ID 148647640081367041] Herobrain_gamer: say No Fuck OFF With The Idea Of Removing Creepers
[Thu, 31. Oct 2019 03:04:58 UTC | ID 148647640081367041] Herobrain_gamer: list
[Sun, 10. Nov 2019 17:33:44 UTC | ID 148647640081367041] Herobrain_gamer: msg Butterminer200 We have updated all of your things to state that you are a mod now (no need to reply)
[Wed, 15. Jan 2020 08:05:47 UTC | ID 148647640081367041] Herobrain_gamer: baltop 2
[Wed, 15. Jan 2020 08:05:58 UTC | ID 148647640081367041] Herobrain_gamer: baltop
[Wed, 15. Jan 2020 08:06:18 UTC | ID 148647640081367041] Herobrain_gamer: baltop 3
[Wed, 15. Jan 2020 08:06:25 UTC | ID 148647640081367041] Herobrain_gamer: baltop 4
[Sat, 1. Feb 2020 08:16:55 UTC | ID 148647640081367041] Herobrain_gamer: whitelist add seonbwii
[Tue, 11. Feb 2020 04:57:56 UTC | ID 148647640081367041] Herobrain_gamer: seen Gamergabriel
[Fri, 28. Feb 2020 03:59:45 UTC | ID 148647640081367041] Herobrain_gamer: whitelist add zackman1291
[Fri, 28. Feb 2020 04:14:49 UTC | ID 148647640081367041] Herobrain_gamer: msg zackman1291 you need to sneak on it to collect it
[Sat, 29. Feb 2020 21:45:07 UTC | ID 148647640081367041] Herobrain_gamer: whitelist list
[Sun, 1. Mar 2020 07:32:08 UTC | ID 148647640081367041] Herobrain_gamer: say https://youtu.be/KqNiUmnZaAU
[Sun, 1. Mar 2020 07:40:54 UTC | ID 148647640081367041] Herobrain_gamer: say when in doubt and your stuck say fuck it and go watch porn
[Wed, 4. Mar 2020 00:01:10 UTC | ID 148647640081367041] Herobrain_gamer: gpreload
[Fri, 20. Mar 2020 05:48:50 GMT | ID 148647640081367041] Herobrain_gamer: whitelist list
[Fri, 20. Mar 2020 18:06:50 GMT | ID 148647640081367041] Herobrain_gamer: version
[Sat, 21. Mar 2020 06:38:44 GMT | ID 148647640081367041] Herobrain_gamer: whitelist add Bear_Mohawk
[Sat, 21. Mar 2020 17:57:30 GMT | ID 148647640081367041] Herobrain_gamer: whitelist list
[Mon, 23. Mar 2020 22:17:56 GMT | ID 148647640081367041] Herobrain_gamer: say i think so
[Tue, 24. Mar 2020 00:42:44 GMT | ID 148647640081367041] Herobrain_gamer: say carful don't fall in
[Tue, 24. Mar 2020 01:11:09 GMT | ID 148647640081367041] Herobrain_gamer: say Bear you have almost 32 potential new dogs
[Tue, 24. Mar 2020 01:36:58 GMT | ID 148647640081367041] Herobrain_gamer: say but why?
[Tue, 24. Mar 2020 01:37:45 GMT | ID 148647640081367041] Herobrain_gamer: say fair enough continue
[Tue, 24. Mar 2020 04:11:09 GMT | ID 148647640081367041] Herobrain_gamer: say what the hell happened here?
[Tue, 24. Mar 2020 04:14:47 GMT | ID 148647640081367041] Herobrain_gamer: say the world is closing in on destruction!!!
[Tue, 24. Mar 2020 04:15:01 GMT | ID 148647640081367041] Herobrain_gamer: say run for your lives
[Tue, 24. Mar 2020 04:15:52 GMT | ID 148647640081367041] Herobrain_gamer: say who has upset the gods!!!
[Tue, 24. Mar 2020 04:27:13 GMT | ID 148647640081367041] Herobrain_gamer: say why do you have 2000 health?
[Tue, 24. Mar 2020 17:52:12 GMT | ID 148647640081367041] Herobrain_gamer: version
[Wed, 25. Mar 2020 03:15:41 GMT | ID 148647640081367041] Herobrain_gamer: say how's the performance been today?
[Wed, 25. Mar 2020 03:25:16 GMT | ID 148647640081367041] Herobrain_gamer: say how long have you been mining? KatieBear88
[Wed, 25. Mar 2020 03:30:20 GMT | ID 148647640081367041] Herobrain_gamer: say get off the intermission screen
[Wed, 25. Mar 2020 03:42:30 GMT | ID 148647640081367041] Herobrain_gamer: say fall off the mountain
[Wed, 25. Mar 2020 03:45:46 GMT | ID 148647640081367041] Herobrain_gamer: say HAHA
[Wed, 25. Mar 2020 03:51:18 GMT | ID 148647640081367041] Herobrain_gamer: say well this is your life now
[Wed, 25. Mar 2020 03:58:03 GMT | ID 148647640081367041] Herobrain_gamer: say because we felt like it
[Wed, 25. Mar 2020 04:02:24 GMT | ID 148647640081367041] Herobrain_gamer: say do it
[Wed, 25. Mar 2020 04:05:08 GMT | ID 148647640081367041] Herobrain_gamer: say [i]
[Wed, 25. Mar 2020 04:06:25 GMT | ID 148647640081367041] Herobrain_gamer: say Bear go get more dogs
[Wed, 25. Mar 2020 04:15:29 GMT | ID 148647640081367041] Herobrain_gamer: say why do you have pants on your head?
[Wed, 25. Mar 2020 04:29:22 GMT | ID 148647640081367041] Herobrain_gamer: say launching tatical nuke in 3
[Wed, 25. Mar 2020 04:29:23 GMT | ID 148647640081367041] Herobrain_gamer: say 2
[Wed, 25. Mar 2020 04:29:25 GMT | ID 148647640081367041] Herobrain_gamer: say 1
[Wed, 25. Mar 2020 20:38:25 GMT | ID 148647640081367041] Herobrain_gamer: say if you want
[Sun, 29. Mar 2020 21:31:07 GMT | ID 148647640081367041] Herobrain_gamer: mail send Bear_Mohawk If You Want To Do A Modded Series With Us PLZ Awnser This Form https://forms.gle/rfAcESm7yazcirf86
[Sun, 29. Mar 2020 21:31:23 GMT | ID 148647640081367041] Herobrain_gamer: mail send Chroifala If You Want To Do A Modded Series With Us PLZ Awnser This Form https://forms.gle/rfAcESm7yazcirf86
[Sun, 29. Mar 2020 21:31:47 GMT | ID 148647640081367041] Herobrain_gamer: mail send KatieBear88 If You Want To Do A Modded Series With Us PLZ Awnser This Form https://forms.gle/rfAcESm7yazcirf86
[Sun, 29. Mar 2020 21:36:08 GMT | ID 148647640081367041] Herobrain_gamer: mail send Zoreon_Zen If You Want To Do A Modded Series With Us PLZ Awnser This Form https://forms.gle/rfAcESm7yazcirf86
[Sun, 29. Mar 2020 22:07:01 GMT | ID 148647640081367041] Herobrain_gamer: mail send KWulf1668 If You Want To Do A Modded Series With Us PLZ Awnser This Form https://forms.gle/rfAcESm7yazcirf86
[Mon, 30. Mar 2020 02:53:07 GMT | ID 148647640081367041] Herobrain_gamer: say try jumping
[Mon, 30. Mar 2020 02:58:43 GMT | ID 148647640081367041] Herobrain_gamer: say Just as a warning the server could go down today at some point for scheduled node maintenance until 12am today & 7pm - 12am tomorrow if it does not happen today (all times are in EST)
[Mon, 30. Mar 2020 03:00:04 GMT | ID 148647640081367041] Herobrain_gamer: say down time should only be 5-10 mins
[Tue, 31. Mar 2020 01:32:55 GMT | ID 148647640081367041] Herobrain_gamer: whitelist list
[Fri, 3. Apr 2020 21:50:24 GMT | ID 148647640081367041] Herobrain_gamer: whitelist add Stranqe_People
[Wed, 8. Apr 2020 22:12:10 GMT | ID 148647640081367041] Herobrain_gamer: list
[Wed, 8. Apr 2020 22:12:21 GMT | ID 148647640081367041] Herobrain_gamer: whitelist list
[Thu, 16. Apr 2020 23:06:38 GMT | ID 148647640081367041] Herobrain_gamer: whitelist list
[Tue, 21. Apr 2020 02:46:08 GMT | ID 148647640081367041] Herobrain_gamer: say they make wool? . . .
[Tue, 21. Apr 2020 02:52:13 GMT | ID 148647640081367041] Herobrain_gamer: say /trust
[Tue, 21. Apr 2020 03:21:12 GMT | ID 148647640081367041] Herobrain_gamer: say you could say you need to axe someone a question
[Tue, 21. Apr 2020 03:22:53 GMT | ID 148647640081367041] Herobrain_gamer: say snare drum noise
[Tue, 21. Apr 2020 03:31:44 GMT | ID 148647640081367041] Herobrain_gamer: say if you need anything just @ me in discord.
[Wed, 29. Apr 2020 23:11:30 GMT | ID 148647640081367041] Herobrain_gamer: whitelist list
[Mon, 4. May 2020 22:12:55 GMT | ID 148647640081367041] Herobrain_gamer: whitelist list
[Sat, 9. May 2020 04:25:15 GMT | ID 148647640081367041] Herobrain_gamer: say just as a little warning if you have any unfinished projects we suggest finishing them soon(tm) as the world will be resetting on June 29th 2020 with a small grace period of 5 days for the team to fully update the server for the next season so Season #4 Confirmed July 4th 2020
[Sat, 9. May 2020 04:28:30 GMT | ID 148647640081367041] Herobrain_gamer: say there will be a world download available in that 5 day grace period
[Sun, 10. May 2020 03:41:44 GMT | ID 148647640081367041] Herobrain_gamer: whitelist list
[Mon, 11. May 2020 07:45:25 GMT | ID 148647640081367041] Herobrain_gamer: kill MasterZent
[Tue, 12. May 2020 06:12:18 GMT | ID 148647640081367041] Herobrain_gamer: list
[Tue, 12. May 2020 06:14:19 GMT | ID 148647640081367041] Herobrain_gamer: say do us a favor if your in a chat with cole yell at him for us plz.
[Wed, 13. May 2020 01:04:14 GMT | ID 148647640081367041] Herobrain_gamer: scoreboard objective list
[Wed, 13. May 2020 01:04:33 GMT | ID 148647640081367041] Herobrain_gamer: scoreboard objectives list
[Wed, 13. May 2020 01:05:22 GMT | ID 148647640081367041] Herobrain_gamer: scoreboard players list Herobrain_gamer
[Wed, 13. May 2020 04:25:54 GMT | ID 148647640081367041] Herobrain_gamer: list
[Wed, 3. Jun 2020 18:45:31 GMT | ID 148647640081367041] Herobrain_gamer: discord ?
[Wed, 3. Jun 2020 18:45:45 GMT | ID 148647640081367041] Herobrain_gamer: discord reload
[Sun, 7. Jun 2020 04:57:50 GMT | ID 148647640081367041] Herobrain_gamer: whitelist list
[Mon, 8. Jun 2020 07:17:12 GMT | ID 148647640081367041] Herobrain_gamer: whitelist list
