Command,Pay,Player,"Wednesday, September 4, 2019 11:32:03 AM EDT","willongnose",200,money,$,"Herobrain_gamer",200,money,$,"Pixel Craft (S3)",236,68,104,
Command,Pay,Player,"Wednesday, September 4, 2019 11:32:15 AM EDT","Herobrain_gamer",200,money,$,"willongnose",200,money,$,"Pixel Craft (S3)",241,68,104,
Command,Pay,Player,"Wednesday, September 4, 2019 11:32:51 AM EDT","Herobrain_gamer",400,money,$,"willongnose",400,money,$,"Pixel Craft (S3)",241,68,104,
Command,Pay,Player,"Wednesday, September 4, 2019 6:59:11 PM EDT","Herobrain_gamer",200,money,$,"willongnose",200,money,$,"Pixel Craft (S3)",217,67,101,
Command,Pay,Player,"Sunday, September 8, 2019 5:52:24 PM EDT","Herobrain_gamer",100,money,$,"TheTrueDuality",100,money,$,"Pixel Craft (S3)",236,68,106,
Command,Pay,Player,"Sunday, September 8, 2019 6:18:22 PM EDT","Herobrain_gamer",100,money,$,"TheTrueDuality",100,money,$,"Pixel Craft (S3)",217,67,103,
Command,Pay,Player,"Saturday, September 14, 2019 5:28:19 PM EDT","TheTrueDuality",32,money,$,"Herobrain_gamer",32,money,$,"Pixel Craft (S3)",178,63,75,
Command,Pay,Player,"Sunday, September 15, 2019 12:58:51 AM EDT","Butterminer200",2,money,$,"Butterminer200",2,money,$,"Pixel Craft (S3)",180,65,91,
Command,Pay,Player,"Sunday, September 15, 2019 12:59:03 AM EDT","Butterminer200",1,money,$,"Butterminer200",1,money,$,"Pixel Craft (S3)",180,65,91,
Command,Pay,Player,"Sunday, September 15, 2019 12:59:14 AM EDT","Butterminer200",1,money,$,"Butterminer200",1,money,$,"Pixel Craft (S3)",180,65,90,
Command,Pay,Player,"Wednesday, September 18, 2019 10:55:37 PM UTC","Butterminer200",1,money,$,"GeorgeWBush1946",1,money,$,"Pixel Craft (S3)",601,72,60,
Command,Pay,Player,"Wednesday, September 18, 2019 10:55:46 PM UTC","Butterminer200",1,money,$,"xqcL",1,money,$,"Pixel Craft (S3)",601,72,60,
Command,Pay,Player,"Wednesday, September 18, 2019 10:56:00 PM UTC","Butterminer200",20,money,$,"GeorgeWBush1946",20,money,$,"Pixel Craft (S3)",604,72,61,
Command,Pay,Player,"Wednesday, September 18, 2019 10:56:08 PM UTC","Butterminer200",20,money,$,"xqcL",20,money,$,"Pixel Craft (S3)",604,72,62,
Command,Pay,Player,"Wednesday, September 18, 2019 10:57:37 PM UTC","Butterminer200",100,money,$,"GeorgeWBush1946",100,money,$,"Pixel Craft (S3)",177,65,89,
Command,Pay,Player,"Wednesday, September 18, 2019 10:58:02 PM UTC","Butterminer200",10,money,$,"xqcL",10,money,$,"Pixel Craft (S3)",199,65,94,
Command,Pay,Player,"Wednesday, September 18, 2019 10:58:04 PM UTC","Butterminer200",10,money,$,"xqcL",10,money,$,"Pixel Craft (S3)",199,65,94,
Command,Pay,Player,"Wednesday, September 18, 2019 10:58:05 PM UTC","Butterminer200",10,money,$,"xqcL",10,money,$,"Pixel Craft (S3)",199,65,94,
Command,Pay,Player,"Wednesday, September 18, 2019 10:58:06 PM UTC","Butterminer200",10,money,$,"xqcL",10,money,$,"Pixel Craft (S3)",199,65,94,
Command,Pay,Player,"Wednesday, September 18, 2019 10:58:08 PM UTC","Butterminer200",10,money,$,"xqcL",10,money,$,"Pixel Craft (S3)",199,65,94,
Command,Pay,Player,"Wednesday, September 18, 2019 10:58:08 PM UTC","Butterminer200",10,money,$,"xqcL",10,money,$,"Pixel Craft (S3)",199,65,94,
Command,Pay,Player,"Wednesday, September 18, 2019 10:58:09 PM UTC","Butterminer200",10,money,$,"xqcL",10,money,$,"Pixel Craft (S3)",199,65,94,
Command,Pay,Player,"Wednesday, September 18, 2019 10:58:10 PM UTC","Butterminer200",10,money,$,"xqcL",10,money,$,"Pixel Craft (S3)",199,65,94,
Command,Pay,Player,"Wednesday, September 18, 2019 10:58:11 PM UTC","Butterminer200",10,money,$,"xqcL",10,money,$,"Pixel Craft (S3)",199,65,94,
Command,Pay,Player,"Wednesday, September 18, 2019 10:58:12 PM UTC","Butterminer200",10,money,$,"xqcL",10,money,$,"Pixel Craft (S3)",199,65,94,
Command,Pay,Player,"Sunday, September 29, 2019 11:31:09 PM UTC","Butterminer200",1,money,$,"SKstarbreaker",1,money,$,"Pixel Craft (S3)",180,65,89,
Command,Pay,Player,"Sunday, September 29, 2019 11:31:10 PM UTC","Butterminer200",1,money,$,"SKstarbreaker",1,money,$,"Pixel Craft (S3)",180,65,89,
Command,Pay,Player,"Monday, September 30, 2019 3:58:38 AM UTC","GamerGabriel",200,money,$,"GeorgeWBush1946",200,money,$,"Pixel Craft (S3)_nether",53,64,0,
Command,Pay,Player,"Monday, September 30, 2019 4:32:45 AM UTC","GeorgeWBush1946",500,money,$,"GamerGabriel",500,money,$,"Pixel Craft (S3)",224,63,79,
Command,Pay,Player,"Monday, September 30, 2019 4:33:03 AM UTC","GamerGabriel",500,money,$,"GeorgeWBush1946",500,money,$,"Pixel Craft (S3)_nether",101,66,-63,
Command,Pay,Player,"Monday, September 30, 2019 4:35:58 AM UTC","GeorgeWBush1946",1000,money,$,"Herobrain_gamer",1000,money,$,"Pixel Craft (S3)",202,66,91,
Command,Pay,Player,"Monday, September 30, 2019 4:36:34 AM UTC","GamerGabriel",4000,money,$,"GeorgeWBush1946",4000,money,$,"Pixel Craft (S3)",178,65,91,
Command,Pay,Player,"Thursday, October 3, 2019 12:56:35 AM UTC","Herobrain_gamer",200,money,$,"willongnose",200,money,$,"Pixel Craft (S3)",234,68,102,
Command,Pay,Player,"Thursday, October 3, 2019 3:28:39 AM UTC","Zyfur",200,money,$,"GeorgeWBush1946",200,money,$,"Pixel Craft (S3)",186,67,25,
Command,Pay,Player,"Saturday, October 5, 2019 12:03:07 AM UTC","Butterminer200",1000,money,$,"GeorgeWBush1946",1000,money,$,"Pixel Craft (S3)",127,68,504,
Command,Pay,Player,"Saturday, October 5, 2019 4:43:03 AM UTC","xqcL",1,money,$,"Butterminer200",1,money,$,"Pixel Craft (S3)",144,68,46,
Command,Pay,Player,"Saturday, October 5, 2019 5:23:47 AM UTC","GeorgeWBush1946",1000,money,$,"Herobrain_gamer",1000,money,$,"Pixel Craft (S3)",108,71,524,
Command,Pay,Player,"Saturday, October 5, 2019 7:27:56 AM UTC","GeorgeWBush1946",1,money,$,"xqcL",1,money,$,"Pixel Craft (S3)",146,69,44,
Command,Pay,Player,"Saturday, October 5, 2019 7:43:15 AM UTC","GamerGabriel",50000,money,$,"xqcL",50000,money,$,"Pixel Craft (S3)",275,140,100,
Command,Pay,Player,"Sunday, October 6, 2019 8:50:57 PM UTC","ShnozGoblin",200,money,$,"Butterminer200",200,money,$,"Pixel Craft (S3)",898,75,2092,
Command,Pay,Player,"Monday, October 7, 2019 3:57:48 AM UTC","GeorgeWBush1946",1500000,money,$,"willongnose",1500000,money,$,"Pixel Craft (S3)",153,67,42,
Command,Pay,Player,"Monday, October 7, 2019 3:58:11 AM UTC","willongnose",1500000,money,$,"GeorgeWBush1946",1500000,money,$,"Pixel Craft (S3)",145,66,40,
Command,Pay,Player,"Monday, October 7, 2019 3:58:48 AM UTC","GeorgeWBush1946",450000,money,$,"Butterminer200",450000,money,$,"Pixel Craft (S3)",153,66,41,
Command,Pay,Player,"Monday, October 7, 2019 3:58:59 AM UTC","GeorgeWBush1946",300000,money,$,"LukeTheMemeGod",300000,money,$,"Pixel Craft (S3)",153,66,41,
Command,Pay,Player,"Monday, October 7, 2019 5:17:59 AM UTC","LukeTheMemeGod",1000,money,$,"Herobrain_gamer",1000,money,$,"Pixel Craft (S3)",551,75,754,
Command,Pay,Player,"Saturday, October 12, 2019 2:49:47 AM UTC","TypicalDude",1,money,$,"GeorgeWBush1946",1,money,$,"Pixel Craft (S3)",39059,98,36902,
Command,Pay,Player,"Saturday, October 12, 2019 2:50:59 AM UTC","TypicalDude",1,money,$,"GeorgeWBush1946",1,money,$,"Pixel Craft (S3)",39095,108,36902,
Sign,Info,Interact,"Sunday, October 13, 2019 5:39:05 AM UTC","Herobrain_gam","","","","Herobrain_gam",,"Pixel Craft (S3)",246,64,67,
Sign,Info,Interact,"Sunday, October 13, 2019 5:44:38 AM UTC","willongnose","","","","willongnose",,"Pixel Craft (S3)",246,64,67,
Sign,Info,Interact,"Sunday, October 13, 2019 5:45:24 AM UTC","willongnose","","","","willongnose",,"Pixel Craft (S3)",246,64,67,
Sign,Info,Interact,"Sunday, October 13, 2019 5:48:49 AM UTC","willongnose","","","","willongnose",,"Pixel Craft (S3)",246,63,67,
Sign,Info,Interact,"Sunday, October 13, 2019 5:48:54 AM UTC","willongnose","","","","willongnose",,"Pixel Craft (S3)",246,64,67,
Sign,Info,Interact,"Sunday, October 13, 2019 5:54:05 AM UTC","willongnose","","","","willongnose",,"Pixel Craft (S3)",246,64,67,
Sign,Info,Interact,"Sunday, October 13, 2019 5:54:06 AM UTC","willongnose","","","","willongnose",,"Pixel Craft (S3)",246,63,67,
Sign,Info,Interact,"Sunday, October 13, 2019 9:20:56 PM UTC","Herobrain_gam","","","","Herobrain_gam",,"Pixel Craft (S3)",246,64,69,
Sign,Info,Interact,"Sunday, October 13, 2019 9:21:05 PM UTC","Herobrain_gam","","","","Herobrain_gam",,"Pixel Craft (S3)",246,63,69,
Sign,Info,Interact,"Sunday, October 13, 2019 9:22:08 PM UTC","Herobrain_gam","","","","Herobrain_gam",,"Pixel Craft (S3)",246,64,69,
Sign,Info,Interact,"Sunday, October 13, 2019 9:22:09 PM UTC","Herobrain_gam","","","","Herobrain_gam",,"Pixel Craft (S3)",246,63,69,
Sign,Info,Interact,"Sunday, October 13, 2019 9:22:11 PM UTC","Herobrain_gam","","","","Herobrain_gam",,"Pixel Craft (S3)",246,64,67,
Sign,Info,Interact,"Sunday, October 13, 2019 9:22:11 PM UTC","Herobrain_gam","","","","Herobrain_gam",,"Pixel Craft (S3)",246,63,67,
Sign,Info,Interact,"Tuesday, October 15, 2019 3:01:30 AM UTC","Herobrain_gam","","","","Herobrain_gam",,"Pixel Craft (S3)",246,63,65,
Sign,Info,Interact,"Tuesday, October 15, 2019 3:01:32 AM UTC","Herobrain_gam","","","","Herobrain_gam",,"Pixel Craft (S3)",246,64,65,
Sign,Info,Interact,"Tuesday, October 15, 2019 4:05:01 AM UTC","Diamond_Miner","","","","Diamond_Miner",,"Pixel Craft (S3)",246,63,67,
Sign,Info,Interact,"Tuesday, October 15, 2019 4:27:29 AM UTC","Diamond_Miner","","","","Diamond_Miner",,"Pixel Craft (S3)",246,63,67,
Sign,Info,Interact,"Friday, October 18, 2019 3:34:37 AM UTC","_Macspy_","","","","_Macspy_",,"Pixel Craft (S3)",246,63,67,
Sign,Info,Interact,"Sunday, October 20, 2019 4:48:58 PM UTC","_Macspy_","","","","_Macspy_",,"Pixel Craft (S3)",246,64,65,
Sign,Info,Interact,"Sunday, October 20, 2019 4:49:03 PM UTC","_Macspy_","","","","_Macspy_",,"Pixel Craft (S3)",246,63,65,
Sign,Info,Interact,"Sunday, October 20, 2019 5:02:40 PM UTC","_Macspy_","","","","_Macspy_",,"Pixel Craft (S3)",246,64,67,
Sign,Info,Interact,"Sunday, October 20, 2019 5:31:07 PM UTC","_Macspy_","","","","_Macspy_",,"Pixel Craft (S3)",246,64,67,
Command,Pay,Player,"Thursday, October 24, 2019 10:22:57 PM UTC","Butterminer200",100,money,$,"SKstarbreaker",100,money,$,"Pixel Craft (S3)",276,54,775,
Command,Pay,Player,"Thursday, October 24, 2019 10:22:58 PM UTC","Butterminer200",100,money,$,"SKstarbreaker",100,money,$,"Pixel Craft (S3)",276,54,775,
Command,Pay,Player,"Thursday, October 24, 2019 10:22:59 PM UTC","Butterminer200",100,money,$,"SKstarbreaker",100,money,$,"Pixel Craft (S3)",276,54,775,
Command,Pay,Player,"Thursday, October 24, 2019 10:23:00 PM UTC","Butterminer200",100,money,$,"SKstarbreaker",100,money,$,"Pixel Craft (S3)",276,54,775,
Command,Pay,Player,"Thursday, October 24, 2019 10:23:00 PM UTC","Butterminer200",100,money,$,"SKstarbreaker",100,money,$,"Pixel Craft (S3)",276,54,775,
Command,Pay,Player,"Thursday, October 24, 2019 10:23:01 PM UTC","Butterminer200",100,money,$,"SKstarbreaker",100,money,$,"Pixel Craft (S3)",276,54,775,
Command,Pay,Player,"Thursday, October 24, 2019 10:23:02 PM UTC","Butterminer200",100,money,$,"SKstarbreaker",100,money,$,"Pixel Craft (S3)",276,54,775,
Command,Pay,Player,"Thursday, October 24, 2019 10:23:02 PM UTC","Butterminer200",100,money,$,"SKstarbreaker",100,money,$,"Pixel Craft (S3)",276,54,775,
Command,Pay,Player,"Thursday, October 24, 2019 10:23:03 PM UTC","Butterminer200",100,money,$,"SKstarbreaker",100,money,$,"Pixel Craft (S3)",276,54,775,
Command,Pay,Player,"Thursday, October 24, 2019 10:23:03 PM UTC","Butterminer200",100,money,$,"SKstarbreaker",100,money,$,"Pixel Craft (S3)",276,54,775,
Command,Pay,Player,"Thursday, October 24, 2019 10:23:14 PM UTC","Butterminer200",1,money,$,"SKstarbreaker",1,money,$,"Pixel Craft (S3)",277,54,775,
Command,Pay,Player,"Thursday, October 24, 2019 10:23:24 PM UTC","Butterminer200",1,money,$,"SKstarbreaker",1,money,$,"Pixel Craft (S3)",271,55,774,
Command,Pay,Player,"Friday, October 25, 2019 1:08:21 AM UTC","Butterminer200",100,money,$,"SKstarbreaker",100,money,$,"Pixel Craft (S3)",267,87,777,
Command,Pay,Player,"Friday, October 25, 2019 3:32:52 AM UTC","Butterminer200",5,money,$,"SKstarbreaker",5,money,$,"Pixel Craft (S3)_nether",203,40,-4,
Command,Pay,Player,"Friday, October 25, 2019 3:43:50 AM UTC","GeorgeWBush1946",100,money,$,"SKstarbreaker",100,money,$,"Pixel Craft (S3)",196,70,138,
Command,Pay,Player,"Friday, October 25, 2019 3:46:18 AM UTC","Butterminer200",5,money,$,"SKstarbreaker",5,money,$,"Pixel Craft (S3)_nether",388,40,-294,
Command,Pay,Player,"Friday, October 25, 2019 3:50:10 AM UTC","SKstarbreaker",315,money,$,"GeorgeWBush1946",315,money,$,"Pixel Craft (S3)",72,86,733,
Command,Pay,Player,"Friday, October 25, 2019 3:54:50 AM UTC","Butterminer200",5,money,$,"SKstarbreaker",5,money,$,"Pixel Craft (S3)",207,66,131,
Command,Pay,Player,"Friday, October 25, 2019 3:56:08 AM UTC","Butterminer200",5,money,$,"SKstarbreaker",5,money,$,"Pixel Craft (S3)",211,68,149,
Command,Pay,Player,"Friday, October 25, 2019 4:42:03 AM UTC","Butterminer200",1,money,$,"SKstarbreaker",1,money,$,"Pixel Craft (S3)",190,73,143,
Command,Pay,Player,"Friday, October 25, 2019 4:42:07 AM UTC","Butterminer200",1,money,$,"SKstarbreaker",1,money,$,"Pixel Craft (S3)",190,73,143,
Sign,Info,Interact,"Friday, October 25, 2019 5:37:44 AM UTC","GeorgeWBush19","","","","GeorgeWBush19",,"Pixel Craft (S3)",246,64,67,
Sign,Info,Interact,"Friday, October 25, 2019 5:37:44 AM UTC","GeorgeWBush19","","","","GeorgeWBush19",,"Pixel Craft (S3)",246,64,67,
Command,Pay,Player,"Saturday, October 26, 2019 2:09:17 AM UTC","Butterminer200",1,money,$,"GeorgeWBush1946",1,money,$,"Pixel Craft (S3)",199,70,144,
Command,Pay,Player,"Saturday, October 26, 2019 2:09:17 AM UTC","Butterminer200",1,money,$,"Butterminer200",1,money,$,"Pixel Craft (S3)",199,70,144,
Command,Pay,Player,"Saturday, October 26, 2019 2:09:17 AM UTC","Butterminer200",1,money,$,"xqcL",1,money,$,"Pixel Craft (S3)",199,70,144,
Command,Pay,Player,"Saturday, October 26, 2019 2:09:25 AM UTC","Butterminer200",1,money,$,"GeorgeWBush1946",1,money,$,"Pixel Craft (S3)",197,70,145,
Command,Pay,Player,"Saturday, October 26, 2019 2:09:25 AM UTC","Butterminer200",1,money,$,"Butterminer200",1,money,$,"Pixel Craft (S3)",197,70,145,
Command,Pay,Player,"Saturday, October 26, 2019 2:09:25 AM UTC","Butterminer200",1,money,$,"xqcL",1,money,$,"Pixel Craft (S3)",197,70,145,
Sign,Info,Interact,"Saturday, October 26, 2019 9:35:50 PM UTC","Herobrain_gam","","","","Herobrain_gam",,"Pixel Craft (S3)",246,64,67,
Sign,Info,Interact,"Saturday, October 26, 2019 9:35:51 PM UTC","Herobrain_gam","","","","Herobrain_gam",,"Pixel Craft (S3)",246,63,67,
Sign,Info,Interact,"Saturday, October 26, 2019 9:35:54 PM UTC","Herobrain_gam","","","","Herobrain_gam",,"Pixel Craft (S3)",246,64,69,
Sign,Info,Interact,"Saturday, October 26, 2019 9:35:54 PM UTC","Herobrain_gam","","","","Herobrain_gam",,"Pixel Craft (S3)",246,63,69,
Sign,Info,Interact,"Saturday, October 26, 2019 9:35:56 PM UTC","Herobrain_gam","","","","Herobrain_gam",,"Pixel Craft (S3)",246,64,65,
Sign,Info,Interact,"Saturday, October 26, 2019 9:35:56 PM UTC","Herobrain_gam","","","","Herobrain_gam",,"Pixel Craft (S3)",246,63,65,
Command,Pay,Player,"Monday, October 28, 2019 1:18:27 AM UTC","GeorgeWBush1946",1,money,$,"willongnose",1,money,$,"Pixel Craft (S3)",197,70,140,
Command,Pay,Player,"Monday, October 28, 2019 1:18:27 AM UTC","GeorgeWBush1946",1,money,$,"wolfcat01",1,money,$,"Pixel Craft (S3)",197,70,140,
Command,Pay,Player,"Monday, October 28, 2019 1:18:27 AM UTC","GeorgeWBush1946",1,money,$,"GeorgeWBush1946",1,money,$,"Pixel Craft (S3)",197,70,140,
Command,Pay,Player,"Monday, October 28, 2019 3:14:19 AM UTC","TheTrueDuality",100,money,$,"Herobrain_gamer",100,money,$,"Pixel Craft (S3)",624,10,2631,
Sign,Info,Interact,"Thursday, December 19, 2019 2:27:25 AM UTC","Herobrain_gam","","","","Herobrain_gam",,"Pixel Craft (S3)",246,64,67,
Sign,Info,Interact,"Thursday, December 19, 2019 2:27:26 AM UTC","Herobrain_gam","","","","Herobrain_gam",,"Pixel Craft (S3)",246,63,67,
Sign,Info,Interact,"Thursday, December 19, 2019 2:27:28 AM UTC","Herobrain_gam","","","","Herobrain_gam",,"Pixel Craft (S3)",246,63,69,
Sign,Info,Interact,"Thursday, December 19, 2019 2:27:31 AM UTC","Herobrain_gam","","","","Herobrain_gam",,"Pixel Craft (S3)",246,64,69,
Sign,Info,Interact,"Thursday, December 19, 2019 2:27:33 AM UTC","Herobrain_gam","","","","Herobrain_gam",,"Pixel Craft (S3)",246,64,65,
Sign,Info,Interact,"Thursday, December 19, 2019 2:27:34 AM UTC","Herobrain_gam","","","","Herobrain_gam",,"Pixel Craft (S3)",246,63,65,
Sign,Info,Interact,"Friday, January 10, 2020 3:23:51 AM UTC","Herobrain_gam","","","","Herobrain_gam",,"Pixel Craft (S3)",246,64,69,
Sign,Info,Interact,"Friday, January 10, 2020 3:23:52 AM UTC","Herobrain_gam","","","","Herobrain_gam",,"Pixel Craft (S3)",246,63,69,
Sign,Info,Interact,"Friday, January 10, 2020 3:23:54 AM UTC","Herobrain_gam","","","","Herobrain_gam",,"Pixel Craft (S3)",246,63,67,
Sign,Info,Interact,"Friday, January 10, 2020 3:23:57 AM UTC","Herobrain_gam","","","","Herobrain_gam",,"Pixel Craft (S3)",246,64,67,
Sign,Info,Interact,"Friday, January 10, 2020 3:23:59 AM UTC","Herobrain_gam","","","","Herobrain_gam",,"Pixel Craft (S3)",246,64,65,
Sign,Info,Interact,"Friday, January 10, 2020 3:23:59 AM UTC","Herobrain_gam","","","","Herobrain_gam",,"Pixel Craft (S3)",246,63,65,
Sign,Info,Interact,"Sunday, January 12, 2020 12:17:31 AM UTC","EggyLadd","","","","EggyLadd",,"Pixel Craft (S3)",246,64,65,
Sign,Info,Interact,"Sunday, January 12, 2020 12:17:34 AM UTC","EggyLadd","","","","EggyLadd",,"Pixel Craft (S3)",246,63,65,
Command,Pay,Player,"Tuesday, January 28, 2020 12:56:02 AM UTC","willongnose",2000,money,$,"Herobrain_gamer",2000,money,$,"Pixel Craft (S3)",236,63,88,
Command,Sell,Item,"Saturday, February 8, 2020 12:39:13 AM UTC","Herobrain_gamer",1,DIAMOND,0,"Herobrain_gamer",100.0,money,$,"Pixel Craft (S3)",-8877,70,-952,
Sign,Info,Interact,"Friday, March 20, 2020 11:54:10 PM GMT","KatieBear88","","","","KatieBear88",,"Pixel Craft (S3)",246,64,67,
Sign,Info,Interact,"Friday, March 20, 2020 11:54:26 PM GMT","KatieBear88","","","","KatieBear88",,"Pixel Craft (S3)",246,64,67,
Sign,Info,Interact,"Friday, March 20, 2020 11:54:38 PM GMT","KatieBear88","","","","KatieBear88",,"Pixel Craft (S3)",246,64,67,
Sign,Info,Interact,"Friday, March 20, 2020 11:54:53 PM GMT","KatieBear88","","","","KatieBear88",,"Pixel Craft (S3)",246,64,67,
Sign,Info,Interact,"Friday, March 20, 2020 11:56:10 PM GMT","KatieBear88","","","","KatieBear88",,"Pixel Craft (S3)",246,63,69,
Sign,Info,Interact,"Friday, March 20, 2020 11:56:16 PM GMT","KatieBear88","","","","KatieBear88",,"Pixel Craft (S3)",246,64,69,
Sign,Info,Interact,"Saturday, March 21, 2020 11:19:34 PM GMT","Chroifala","","","","Chroifala",,"Pixel Craft (S3)",246,64,69,
Sign,Info,Interact,"Sunday, March 22, 2020 10:55:03 PM GMT","Herobrain_gam","","","","Herobrain_gam",,"Pixel Craft (S3)",246,64,65,
Sign,Info,Interact,"Sunday, March 22, 2020 10:55:04 PM GMT","Herobrain_gam","","","","Herobrain_gam",,"Pixel Craft (S3)",246,63,65,
Sign,Info,Interact,"Sunday, March 22, 2020 10:55:17 PM GMT","Herobrain_gam","","","","Herobrain_gam",,"Pixel Craft (S3)",246,63,67,
Sign,Info,Interact,"Sunday, March 22, 2020 10:55:20 PM GMT","Herobrain_gam","","","","Herobrain_gam",,"Pixel Craft (S3)",246,63,69,
Sign,Info,Interact,"Sunday, March 22, 2020 10:55:21 PM GMT","Herobrain_gam","","","","Herobrain_gam",,"Pixel Craft (S3)",246,64,69,
Sign,Info,Interact,"Sunday, March 22, 2020 10:55:23 PM GMT","Herobrain_gam","","","","Herobrain_gam",,"Pixel Craft (S3)",246,64,67,
Command,Pay,Player,"Monday, March 23, 2020 10:06:48 PM GMT","Chroifala",300,money,$,"Bear_Mohawk",300,money,$,"Pixel Craft (S3)",184,72,-334,
Command,Pay,Player,"Wednesday, March 25, 2020 3:52:02 AM GMT","Chroifala",4300,money,$,"Bear_Mohawk",4300,money,$,"Pixel Craft (S3)_nether",-39,201,-77,
Command,Pay,Player,"Wednesday, March 25, 2020 3:58:39 AM GMT","Bear_Mohawk",2000,money,$,"Chroifala",2000,money,$,"Pixel Craft (S3)",48,8,-248,
Sign,Info,Interact,"Wednesday, March 25, 2020 3:59:12 AM GMT","KatieBear88","","","","KatieBear88",,"Pixel Craft (S3)",246,64,65,
Sign,Info,Interact,"Wednesday, March 25, 2020 3:59:22 AM GMT","KatieBear88","","","","KatieBear88",,"Pixel Craft (S3)",246,63,65,
Sign,Info,Interact,"Wednesday, March 25, 2020 3:59:24 AM GMT","KatieBear88","","","","KatieBear88",,"Pixel Craft (S3)",246,64,65,
Sign,Info,Interact,"Wednesday, March 25, 2020 3:59:26 AM GMT","KatieBear88","","","","KatieBear88",,"Pixel Craft (S3)",246,63,65,
Sign,Info,Interact,"Wednesday, March 25, 2020 3:59:34 AM GMT","KatieBear88","","","","KatieBear88",,"Pixel Craft (S3)",246,63,65,
Sign,Info,Interact,"Wednesday, March 25, 2020 3:59:35 AM GMT","KatieBear88","","","","KatieBear88",,"Pixel Craft (S3)",246,63,69,
Sign,Info,Interact,"Wednesday, March 25, 2020 3:59:42 AM GMT","KatieBear88","","","","KatieBear88",,"Pixel Craft (S3)",246,64,69,
Command,Pay,Player,"Wednesday, March 25, 2020 4:01:25 AM GMT","Bear_Mohawk",200,money,$,"KatieBear88",200,money,$,"Pixel Craft (S3)",83,8,-250,
Command,Pay,Player,"Wednesday, March 25, 2020 4:02:01 AM GMT","Bear_Mohawk",500,money,$,"KatieBear88",500,money,$,"Pixel Craft (S3)",90,9,-250,
Command,Pay,Player,"Wednesday, March 25, 2020 4:03:14 AM GMT","Bear_Mohawk",100,money,$,"KWulf1668",100,money,$,"Pixel Craft (S3)",39,8,-250,
Command,Pay,Player,"Wednesday, March 25, 2020 3:04:33 PM GMT","Bear_Mohawk",500,money,$,"Chroifala",500,money,$,"Pixel Craft (S3)",196,72,-335,
Command,Pay,Player,"Wednesday, March 25, 2020 3:07:06 PM GMT","Bear_Mohawk",10000,money,$,"Chroifala",10000,money,$,"Pixel Craft (S3)",515,66,616,
Command,Pay,Player,"Wednesday, March 25, 2020 3:20:50 PM GMT","Chroifala",11032,money,$,"Bear_Mohawk",11032,money,$,"Pixel Craft (S3)",515,66,611,
Command,Pay,Player,"Wednesday, March 25, 2020 8:13:49 PM GMT","Chroifala",24900,money,$,"Bear_Mohawk",24900,money,$,"Pixel Craft (S3)",177,65,90,
Command,Pay,Player,"Wednesday, March 25, 2020 10:40:44 PM GMT","Herobrain_gamer",200,money,$,"willongnose",200,money,$,"Pixel Craft (S3)",233,67,28,
Sign,Info,Interact,"Thursday, March 26, 2020 12:39:43 AM GMT","Herobrain_gam","","","","Herobrain_gam",,"Pixel Craft (S3)",246,64,67,
Sign,Info,Interact,"Friday, March 27, 2020 2:43:24 AM GMT","Zoreon_Zen","","","","Zoreon_Zen",,"Pixel Craft (S3)",246,64,69,
Sign,Info,Interact,"Friday, March 27, 2020 2:43:28 AM GMT","Zoreon_Zen","","","","Zoreon_Zen",,"Pixel Craft (S3)",246,64,67,
Sign,Info,Interact,"Friday, March 27, 2020 2:44:59 AM GMT","Zoreon_Zen","","","","Zoreon_Zen",,"Pixel Craft (S3)",246,64,65,
Sign,Info,Interact,"Friday, March 27, 2020 2:45:01 AM GMT","Zoreon_Zen","","","","Zoreon_Zen",,"Pixel Craft (S3)",246,63,65,
Sign,Info,Interact,"Friday, March 27, 2020 2:45:02 AM GMT","Zoreon_Zen","","","","Zoreon_Zen",,"Pixel Craft (S3)",246,63,69,
Sign,Info,Interact,"Monday, March 30, 2020 4:52:32 AM GMT","Zoreon_Zen","","","","Zoreon_Zen",,"Pixel Craft (S3)",246,64,67,
Command,Pay,Player,"Monday, March 30, 2020 6:03:17 AM GMT","Chroifala",14700,money,$,"Bear_Mohawk",14700,money,$,"Pixel Craft (S3)",509,66,628,
Command,Pay,Player,"Monday, March 30, 2020 6:11:43 AM GMT","Bear_Mohawk",500,money,$,"KWulf1668",500,money,$,"Pixel Craft (S3)",225,63,82,
Command,Pay,Player,"Monday, March 30, 2020 6:12:00 AM GMT","Bear_Mohawk",500,money,$,"KatieBear88",500,money,$,"Pixel Craft (S3)",225,63,82,
Command,Pay,Player,"Tuesday, March 31, 2020 5:36:54 AM GMT","Bear_Mohawk",10000,money,$,"Herobrain_gamer",10000,money,$,"Pixel Craft (S3)",193,81,-224,
Sign,Info,Interact,"Friday, April 3, 2020 1:40:47 AM GMT","Zoreon_Zen","","","","Zoreon_Zen",,"Pixel Craft (S3)",246,64,65,
Sign,Info,Interact,"Friday, April 3, 2020 1:40:50 AM GMT","Zoreon_Zen","","","","Zoreon_Zen",,"Pixel Craft (S3)",246,63,65,
Command,Pay,Player,"Tuesday, April 7, 2020 4:39:58 AM GMT","Bear_Mohawk",25000,money,$,"KatieBear88",25000,money,$,"Pixel Craft (S3)",175,76,-224,
Command,Pay,Player,"Wednesday, April 8, 2020 9:53:30 AM GMT","Chroifala",1700,money,$,"Bear_Mohawk",1700,money,$,"Pixel Craft (S3)",299,67,-372,
