[00:00:00] [Server thread/INFO]: Saving the game (this may take a moment!)
[00:00:00] [Server thread/INFO]: Saved the game
[00:30:00] [Server thread/INFO]: Saving the game (this may take a moment!)
[00:30:00] [Server thread/INFO]: Saved the game
[01:00:00] [Server thread/INFO]: Saving the game (this may take a moment!)
[01:00:00] [Server thread/INFO]: Saved the game
[01:30:00] [Server thread/INFO]: Saving the game (this may take a moment!)
[01:30:00] [Server thread/INFO]: Saved the game
[02:00:00] [Server thread/INFO]: Saving the game (this may take a moment!)
[02:00:00] [Server thread/INFO]: Saved the game
[02:30:00] [Server thread/INFO]: Saving the game (this may take a moment!)
[02:30:00] [Server thread/INFO]: Saved the game
[03:00:00] [Server thread/INFO]: Saving the game (this may take a moment!)
[03:00:00] [Server thread/INFO]: Saved the game
[03:30:00] [Server thread/INFO]: Saving the game (this may take a moment!)
[03:30:00] [Server thread/INFO]: Saved the game
[04:00:00] [Server thread/INFO]: Saving the game (this may take a moment!)
[04:00:00] [Server thread/INFO]: Saved the game
[04:30:00] [Server thread/INFO]: Saving the game (this may take a moment!)
[04:30:00] [Server thread/INFO]: Saved the game
[05:00:00] [Server thread/INFO]: Saving the game (this may take a moment!)
[05:00:00] [Server thread/INFO]: Saved the game
[05:30:00] [Server thread/INFO]: Saving the game (this may take a moment!)
[05:30:00] [Server thread/INFO]: Saved the game
[06:00:00] [Server thread/INFO]: Saving the game (this may take a moment!)
[06:00:00] [Server thread/INFO]: Saved the game
[06:30:00] [Server thread/INFO]: Saving the game (this may take a moment!)
[06:30:00] [Server thread/INFO]: Saved the game
[07:00:00] [Server thread/INFO]: Saving the game (this may take a moment!)
[07:00:00] [Server thread/INFO]: Saved the game
[07:30:00] [Server thread/INFO]: Saving the game (this may take a moment!)
[07:30:00] [Server thread/INFO]: Saved the game
[07:43:37] [User Authenticator #2/INFO]: UUID of player bambo4 is 5b9d01f0-be80-4bc4-9fe4-f257a17ec0f3
[07:43:37] [Server thread/INFO]: Disconnecting com.mojang.authlib.GameProfile@47bd825d[id=5b9d01f0-be80-4bc4-9fe4-f257a17ec0f3,name=bambo4,properties={textures=[com.mojang.authlib.properties.Property@12057788]},legacy=false] (/61.18.232.61:54763): You are not white-listed on this server!
[07:43:38] [Server thread/INFO]: com.mojang.authlib.GameProfile@47bd825d[id=5b9d01f0-be80-4bc4-9fe4-f257a17ec0f3,name=bambo4,properties={textures=[com.mojang.authlib.properties.Property@12057788]},legacy=false] (/61.18.232.61:54763) lost connection: You are not white-listed on this server!
[08:00:00] [Server thread/INFO]: Saving the game (this may take a moment!)
[08:00:00] [Server thread/INFO]: Saved the game
[08:30:00] [Server thread/INFO]: Saving the game (this may take a moment!)
[08:30:00] [Server thread/INFO]: Saved the game
[09:00:00] [Server thread/INFO]: Saving the game (this may take a moment!)
[09:00:00] [Server thread/INFO]: Saved the game
[09:12:43] [Server thread/INFO]: Banned bambo4: Attempting To Join A White-listed YT Series Server
