11:18 Herobrain_gamer:  placed a sign @ Pixel Craft (S3): x241, z103
  64
  S100
  slimeball
11:19 Herobrain_gamer:  placed a sign @ Pixel Craft (S3): x241, z103
  64
  S100
  slime_ball
11:21 Herobrain_gamer:  placed a sign @ Pixel Craft (S3): x242, z104
  64
  B100
  slime_block
11:29 willongnose    :  placed a sign @ Pixel Craft (S3): x242, z108
  64
  B 100
  slime_ball
11:30 Herobrain_gamer:  placed a sign @ Pixel Craft (S3): x241, z103
  64
  S 100
  slime_ball
18:35 willongnose:  placed a sign @ Pixel Craft (S3): x240, z110
  Admin Shop
  64
  S 100
  slime_ball
18:40 willongnose:  placed a sign @ Pixel Craft (S3): x240, z110
  Admin Shop
  64
  S 100
  slime_ball
18:40 Herobrain_gamer:  placed a sign @ Pixel Craft (S3): x241, z103
  Herobrain_gamer
  64
  B 100
  slime_ball
18:47 Herobrain_gamer:  placed a sign @ Pixel Craft (S3): x242, z104
  64
  B 100
  slime_ball
18:47 Herobrain_gamer:  placed a sign @ Pixel Craft (S3): x242, z106
  64
  B 100
  slime_ball
18:47 Herobrain_gamer:  placed a sign @ Pixel Craft (S3): x242, z108
  64
  B 100
  slime_ball
18:47 Herobrain_gamer:  placed a sign @ Pixel Craft (S3): x241, z109
  64
  B 100
  slime_ball
18:48 Herobrain_gamer:  placed a sign @ Pixel Craft (S3): x239, z109
  64
  B 100
  slime_ball
18:48 Herobrain_gamer:  placed a sign @ Pixel Craft (S3): x237, z109
  64
  B 100
  slime_ball
18:48 Herobrain_gamer:  placed a sign @ Pixel Craft (S3): x235, z109
  64
  B 100
  slime_block
18:48 Herobrain_gamer:  placed a sign @ Pixel Craft (S3): x233, z109
  64
  B 100
  slime block
18:48 Herobrain_gamer:  placed a sign @ Pixel Craft (S3): x231, z109
  64
  B 100
  slime_block
18:48 Herobrain_gamer:  placed a sign @ Pixel Craft (S3): x230, z108
  64
  B 100
  slime block
18:48 Herobrain_gamer:  placed a sign @ Pixel Craft (S3): x230, z106
  64
  B 100
  slime_block
18:49 Herobrain_gamer:  placed a sign @ Pixel Craft (S3): x230, z104
  64
  B 100
  slime block
18:49 Herobrain_gamer:  placed a sign @ Pixel Craft (S3): x231, z103
  64
  B 100
  slime block
18:55 Herobrain_gamer:  placed a sign @ Pixel Craft (S3): x246, z69
  player name
  amount sell
  B 100 : 100 S
  item name
18:57 Herobrain_gamer:  placed a sign @ Pixel Craft (S3): x219, z103
  64
  B 100
18:57 Herobrain_gamer:  placed a sign @ Pixel Craft (S3): x219, z103
  64
  B 100
  FireworkRocket#2
18:58 Herobrain_gamer:  placed a sign @ Pixel Craft (S3): x218, z103
  -x-
  1 Stack of
  Fireworks
  -x-
18:58 Herobrain_gamer:  placed a sign @ Pixel Craft (S3): x219, z103
  64
  B 100
  FireworkRocket#2
23:47 willongnose    : t
23:47 Herobrain_gamer: t
23:47 Herobrain_gamer: hi
23:48 Herobrain_gamer: t
