13:59 Herobrain_gamer: Notch
13:59 Herobrain_gamer: Notch
14:08 Herobrain_gamer: Notch
14:11 Herobrain_gamer: t
14:24 Herobrain_gamer: Notch
14:26 Herobrain_gamer: Notch
15:13 Herobrain_gamer: Hello
15:13 Herobrain_gamer: Hello
15:13 Herobrain_gamer: Hello
17:27 Herobrain_gamer: t
17:27 Herobrain_gamer: t
17:38 Herobrain_gamer: t
17:38 Herobrain_gamer: t
17:38 Herobrain_gamer: t
17:38 Herobrain_gamer: t
17:38 Herobrain_gamer: t
17:55 Herobrain_gamer: asdf
17:56 Herobrain_gamer: we can talk beetwen game and discord
17:57 Herobrain_gamer: theyfkdlj
17:58 Herobrain_gamer: https://pixel-craft.craftingstore.net/
18:00 Herobrain_gamer: jeb_
18:04 Herobrain_gamer:  placed a sign @ Pixel Craft (S3): x-8894, z-970
  shop
18:45 Herobrain_gamer: school
19:14 Herobrain_gamer:  placed a sign @ Pixel Craft (S3): x219, z103
  64
  S 100
  firework_rocket
19:15 Herobrain_gamer:  placed a sign @ Pixel Craft (S3): x219, z103
  64
  100 S
  firework_rocket
19:15 Herobrain_gamer:  placed a sign @ Pixel Craft (S3): x220, z105
  AdminShop
  1
  1
  dirt
19:22 Herobrain_gamer:  placed a sign @ Pixel Craft (S3): x219, z103
  Herobrain_gamer
  64
  100 S
  Firework Rocket
19:24 Herobrain_gamer:  placed a sign @ Pixel Craft (S3): x185, z115
  Admin Shop
  1
  100 B
  Diamond
19:24 Herobrain_gamer:  placed a sign @ Pixel Craft (S3): x185, z115
  Admin Shop
  1
  150 B
  Emerald
19:25 Herobrain_gamer:  placed a sign @ Pixel Craft (S3): x185, z115
  Admin Shop
  1
  75 B
  Emerald
20:30 Herobrain_gamer: Test to see what happens
